<?xml version="1.0" encoding="UTF-8"?>
<testng-results skipped="0" failed="0" ignored="0" total="34" passed="34">
  <reporter-output>
  </reporter-output>
  <suite name="EmployeesRestAPISuite" duration-ms="26294" started-at="2019-05-14T10:18:45Z" finished-at="2019-05-14T10:19:11Z">
    <groups>
    </groups>
    <test name="EmployeesRestAPITest" duration-ms="26294" started-at="2019-05-14T10:18:45Z" finished-at="2019-05-14T10:19:11Z">
      <class name="com.employeeapi.testCases.TC003_Post_Employee_Record">
        <test-method status="PASS" signature="setup()[pri:0, instance:com.employeeapi.testCases.TC003_Post_Employee_Record@3bfdc050]" name="setup" is-config="true" duration-ms="4" started-at="2019-05-14T10:18:54Z" finished-at="2019-05-14T10:18:54Z">
          <reporter-output>
          </reporter-output>
        </test-method> <!-- setup -->
        <test-method status="PASS" signature="createEmployee()[pri:0, instance:com.employeeapi.testCases.TC003_Post_Employee_Record@3bfdc050]" name="createEmployee" is-config="true" duration-ms="5759" started-at="2019-05-14T10:18:54Z" finished-at="2019-05-14T10:19:00Z">
          <reporter-output>
          </reporter-output>
        </test-method> <!-- createEmployee -->
        <test-method status="PASS" signature="checkContentType()[pri:0, instance:com.employeeapi.testCases.TC003_Post_Employee_Record@3bfdc050]" name="checkContentType" duration-ms="0" started-at="2019-05-14T10:19:00Z" finished-at="2019-05-14T10:19:00Z">
          <reporter-output>
          </reporter-output>
        </test-method> <!-- checkContentType -->
        <test-method status="PASS" signature="checkResposeBody()[pri:0, instance:com.employeeapi.testCases.TC003_Post_Employee_Record@3bfdc050]" name="checkResposeBody" duration-ms="2" started-at="2019-05-14T10:19:00Z" finished-at="2019-05-14T10:19:00Z">
          <reporter-output>
          </reporter-output>
        </test-method> <!-- checkResposeBody -->
        <test-method status="PASS" signature="checkStatusCode()[pri:0, instance:com.employeeapi.testCases.TC003_Post_Employee_Record@3bfdc050]" name="checkStatusCode" duration-ms="2" started-at="2019-05-14T10:19:00Z" finished-at="2019-05-14T10:19:00Z">
          <reporter-output>
          </reporter-output>
        </test-method> <!-- checkStatusCode -->
        <test-method status="PASS" signature="checkcontentEncoding()[pri:0, instance:com.employeeapi.testCases.TC003_Post_Employee_Record@3bfdc050]" name="checkcontentEncoding" duration-ms="0" started-at="2019-05-14T10:19:00Z" finished-at="2019-05-14T10:19:00Z">
          <reporter-output>
          </reporter-output>
        </test-method> <!-- checkcontentEncoding -->
        <test-method status="PASS" signature="checkserverType()[pri:0, instance:com.employeeapi.testCases.TC003_Post_Employee_Record@3bfdc050]" name="checkserverType" duration-ms="1" started-at="2019-05-14T10:19:00Z" finished-at="2019-05-14T10:19:00Z">
          <reporter-output>
          </reporter-output>
        </test-method> <!-- checkserverType -->
        <test-method status="PASS" signature="checkstatusLine()[pri:0, instance:com.employeeapi.testCases.TC003_Post_Employee_Record@3bfdc050]" name="checkstatusLine" duration-ms="2" started-at="2019-05-14T10:19:00Z" finished-at="2019-05-14T10:19:00Z">
          <reporter-output>
          </reporter-output>
        </test-method> <!-- checkstatusLine -->
        <test-method status="PASS" signature="tearDown()[pri:0, instance:com.employeeapi.testCases.TC003_Post_Employee_Record@3bfdc050]" name="tearDown" is-config="true" duration-ms="2" started-at="2019-05-14T10:19:00Z" finished-at="2019-05-14T10:19:00Z">
          <reporter-output>
          </reporter-output>
        </test-method> <!-- tearDown -->
      </class> <!-- com.employeeapi.testCases.TC003_Post_Employee_Record -->
      <class name="com.employeeapi.testCases.TC001_Get_All_Employees">
        <test-method status="PASS" signature="setup()[pri:0, instance:com.employeeapi.testCases.TC001_Get_All_Employees@1e88b3c]" name="setup" is-config="true" duration-ms="47" started-at="2019-05-14T10:18:45Z" finished-at="2019-05-14T10:18:45Z">
          <reporter-output>
          </reporter-output>
        </test-method> <!-- setup -->
        <test-method status="PASS" signature="getAllEmployees()[pri:0, instance:com.employeeapi.testCases.TC001_Get_All_Employees@1e88b3c]" name="getAllEmployees" is-config="true" duration-ms="2967" started-at="2019-05-14T10:18:45Z" finished-at="2019-05-14T10:18:48Z">
          <reporter-output>
          </reporter-output>
        </test-method> <!-- getAllEmployees -->
        <test-method status="PASS" signature="checkContentLenght()[pri:0, instance:com.employeeapi.testCases.TC001_Get_All_Employees@1e88b3c]" name="checkContentLenght" duration-ms="125" started-at="2019-05-14T10:18:48Z" finished-at="2019-05-14T10:18:48Z">
          <reporter-output>
          </reporter-output>
        </test-method> <!-- checkContentLenght -->
        <test-method status="PASS" signature="checkContentType()[pri:0, instance:com.employeeapi.testCases.TC001_Get_All_Employees@1e88b3c]" name="checkContentType" duration-ms="3" started-at="2019-05-14T10:18:48Z" finished-at="2019-05-14T10:18:48Z">
          <reporter-output>
          </reporter-output>
        </test-method> <!-- checkContentType -->
        <test-method status="PASS" signature="checkCookies()[pri:0, instance:com.employeeapi.testCases.TC001_Get_All_Employees@1e88b3c]" name="checkCookies" duration-ms="2" started-at="2019-05-14T10:18:48Z" finished-at="2019-05-14T10:18:48Z">
          <reporter-output>
          </reporter-output>
        </test-method> <!-- checkCookies -->
        <test-method status="PASS" signature="checkResponseTime()[pri:0, instance:com.employeeapi.testCases.TC001_Get_All_Employees@1e88b3c]" name="checkResponseTime" duration-ms="3" started-at="2019-05-14T10:18:48Z" finished-at="2019-05-14T10:18:48Z">
          <reporter-output>
          </reporter-output>
        </test-method> <!-- checkResponseTime -->
        <test-method status="PASS" signature="checkResposeBody()[pri:0, instance:com.employeeapi.testCases.TC001_Get_All_Employees@1e88b3c]" name="checkResposeBody" duration-ms="48" started-at="2019-05-14T10:18:48Z" finished-at="2019-05-14T10:18:48Z">
          <reporter-output>
          </reporter-output>
        </test-method> <!-- checkResposeBody -->
        <test-method status="PASS" signature="checkStatusCode()[pri:0, instance:com.employeeapi.testCases.TC001_Get_All_Employees@1e88b3c]" name="checkStatusCode" duration-ms="4" started-at="2019-05-14T10:18:48Z" finished-at="2019-05-14T10:18:48Z">
          <reporter-output>
          </reporter-output>
        </test-method> <!-- checkStatusCode -->
        <test-method status="PASS" signature="checkcontentEncoding()[pri:0, instance:com.employeeapi.testCases.TC001_Get_All_Employees@1e88b3c]" name="checkcontentEncoding" duration-ms="12" started-at="2019-05-14T10:18:48Z" finished-at="2019-05-14T10:18:48Z">
          <reporter-output>
          </reporter-output>
        </test-method> <!-- checkcontentEncoding -->
        <test-method status="PASS" signature="checkserverType()[pri:0, instance:com.employeeapi.testCases.TC001_Get_All_Employees@1e88b3c]" name="checkserverType" duration-ms="17" started-at="2019-05-14T10:18:48Z" finished-at="2019-05-14T10:18:48Z">
          <reporter-output>
          </reporter-output>
        </test-method> <!-- checkserverType -->
        <test-method status="PASS" signature="checkstatusLine()[pri:0, instance:com.employeeapi.testCases.TC001_Get_All_Employees@1e88b3c]" name="checkstatusLine" duration-ms="7" started-at="2019-05-14T10:18:48Z" finished-at="2019-05-14T10:18:48Z">
          <reporter-output>
          </reporter-output>
        </test-method> <!-- checkstatusLine -->
        <test-method status="PASS" signature="tearDown()[pri:0, instance:com.employeeapi.testCases.TC001_Get_All_Employees@1e88b3c]" name="tearDown" is-config="true" duration-ms="1" started-at="2019-05-14T10:18:48Z" finished-at="2019-05-14T10:18:48Z">
          <reporter-output>
          </reporter-output>
        </test-method> <!-- tearDown -->
      </class> <!-- com.employeeapi.testCases.TC001_Get_All_Employees -->
      <class name="com.employeeapi.testCases.TC005_Delete_Employee_Record">
        <test-method status="PASS" signature="setup()[pri:0, instance:com.employeeapi.testCases.TC005_Delete_Employee_Record@5e3a8624]" name="setup" is-config="true" duration-ms="10" started-at="2019-05-14T10:19:06Z" finished-at="2019-05-14T10:19:06Z">
          <reporter-output>
          </reporter-output>
        </test-method> <!-- setup -->
        <test-method status="PASS" signature="deleteEmployee()[pri:0, instance:com.employeeapi.testCases.TC005_Delete_Employee_Record@5e3a8624]" name="deleteEmployee" is-config="true" duration-ms="5254" started-at="2019-05-14T10:19:06Z" finished-at="2019-05-14T10:19:11Z">
          <reporter-output>
          </reporter-output>
        </test-method> <!-- deleteEmployee -->
        <test-method status="PASS" signature="checkContentType()[pri:0, instance:com.employeeapi.testCases.TC005_Delete_Employee_Record@5e3a8624]" name="checkContentType" duration-ms="1" started-at="2019-05-14T10:19:11Z" finished-at="2019-05-14T10:19:11Z">
          <reporter-output>
          </reporter-output>
        </test-method> <!-- checkContentType -->
        <test-method status="PASS" signature="checkResposeBody()[pri:0, instance:com.employeeapi.testCases.TC005_Delete_Employee_Record@5e3a8624]" name="checkResposeBody" duration-ms="1" started-at="2019-05-14T10:19:11Z" finished-at="2019-05-14T10:19:11Z">
          <reporter-output>
          </reporter-output>
        </test-method> <!-- checkResposeBody -->
        <test-method status="PASS" signature="checkStatusCode()[pri:0, instance:com.employeeapi.testCases.TC005_Delete_Employee_Record@5e3a8624]" name="checkStatusCode" duration-ms="2" started-at="2019-05-14T10:19:11Z" finished-at="2019-05-14T10:19:11Z">
          <reporter-output>
          </reporter-output>
        </test-method> <!-- checkStatusCode -->
        <test-method status="PASS" signature="checkcontentEncoding()[pri:0, instance:com.employeeapi.testCases.TC005_Delete_Employee_Record@5e3a8624]" name="checkcontentEncoding" duration-ms="2" started-at="2019-05-14T10:19:11Z" finished-at="2019-05-14T10:19:11Z">
          <reporter-output>
          </reporter-output>
        </test-method> <!-- checkcontentEncoding -->
        <test-method status="PASS" signature="checkserverType()[pri:0, instance:com.employeeapi.testCases.TC005_Delete_Employee_Record@5e3a8624]" name="checkserverType" duration-ms="1" started-at="2019-05-14T10:19:11Z" finished-at="2019-05-14T10:19:11Z">
          <reporter-output>
          </reporter-output>
        </test-method> <!-- checkserverType -->
        <test-method status="PASS" signature="checkstatusLine()[pri:0, instance:com.employeeapi.testCases.TC005_Delete_Employee_Record@5e3a8624]" name="checkstatusLine" duration-ms="1" started-at="2019-05-14T10:19:11Z" finished-at="2019-05-14T10:19:11Z">
          <reporter-output>
          </reporter-output>
        </test-method> <!-- checkstatusLine -->
        <test-method status="PASS" signature="tearDown()[pri:0, instance:com.employeeapi.testCases.TC005_Delete_Employee_Record@5e3a8624]" name="tearDown" is-config="true" duration-ms="0" started-at="2019-05-14T10:19:11Z" finished-at="2019-05-14T10:19:11Z">
          <reporter-output>
          </reporter-output>
        </test-method> <!-- tearDown -->
      </class> <!-- com.employeeapi.testCases.TC005_Delete_Employee_Record -->
      <class name="com.employeeapi.testCases.TC004_Put_Employee_Record">
        <test-method status="PASS" signature="setup()[pri:0, instance:com.employeeapi.testCases.TC004_Put_Employee_Record@1bce4f0a]" name="setup" is-config="true" duration-ms="7" started-at="2019-05-14T10:19:00Z" finished-at="2019-05-14T10:19:00Z">
          <reporter-output>
          </reporter-output>
        </test-method> <!-- setup -->
        <test-method status="PASS" signature="updateEmployee()[pri:0, instance:com.employeeapi.testCases.TC004_Put_Employee_Record@1bce4f0a]" name="updateEmployee" is-config="true" duration-ms="5789" started-at="2019-05-14T10:19:00Z" finished-at="2019-05-14T10:19:06Z">
          <reporter-output>
          </reporter-output>
        </test-method> <!-- updateEmployee -->
        <test-method status="PASS" signature="checkContentType()[pri:0, instance:com.employeeapi.testCases.TC004_Put_Employee_Record@1bce4f0a]" name="checkContentType" duration-ms="0" started-at="2019-05-14T10:19:06Z" finished-at="2019-05-14T10:19:06Z">
          <reporter-output>
          </reporter-output>
        </test-method> <!-- checkContentType -->
        <test-method status="PASS" signature="checkResposeBody()[pri:0, instance:com.employeeapi.testCases.TC004_Put_Employee_Record@1bce4f0a]" name="checkResposeBody" duration-ms="2" started-at="2019-05-14T10:19:06Z" finished-at="2019-05-14T10:19:06Z">
          <reporter-output>
          </reporter-output>
        </test-method> <!-- checkResposeBody -->
        <test-method status="PASS" signature="checkStatusCode()[pri:0, instance:com.employeeapi.testCases.TC004_Put_Employee_Record@1bce4f0a]" name="checkStatusCode" duration-ms="1" started-at="2019-05-14T10:19:06Z" finished-at="2019-05-14T10:19:06Z">
          <reporter-output>
          </reporter-output>
        </test-method> <!-- checkStatusCode -->
        <test-method status="PASS" signature="checkcontentEncoding()[pri:0, instance:com.employeeapi.testCases.TC004_Put_Employee_Record@1bce4f0a]" name="checkcontentEncoding" duration-ms="1" started-at="2019-05-14T10:19:06Z" finished-at="2019-05-14T10:19:06Z">
          <reporter-output>
          </reporter-output>
        </test-method> <!-- checkcontentEncoding -->
        <test-method status="PASS" signature="checkserverType()[pri:0, instance:com.employeeapi.testCases.TC004_Put_Employee_Record@1bce4f0a]" name="checkserverType" duration-ms="6" started-at="2019-05-14T10:19:06Z" finished-at="2019-05-14T10:19:06Z">
          <reporter-output>
          </reporter-output>
        </test-method> <!-- checkserverType -->
        <test-method status="PASS" signature="checkstatusLine()[pri:0, instance:com.employeeapi.testCases.TC004_Put_Employee_Record@1bce4f0a]" name="checkstatusLine" duration-ms="1" started-at="2019-05-14T10:19:06Z" finished-at="2019-05-14T10:19:06Z">
          <reporter-output>
          </reporter-output>
        </test-method> <!-- checkstatusLine -->
        <test-method status="PASS" signature="tearDown()[pri:0, instance:com.employeeapi.testCases.TC004_Put_Employee_Record@1bce4f0a]" name="tearDown" is-config="true" duration-ms="1" started-at="2019-05-14T10:19:06Z" finished-at="2019-05-14T10:19:06Z">
          <reporter-output>
          </reporter-output>
        </test-method> <!-- tearDown -->
      </class> <!-- com.employeeapi.testCases.TC004_Put_Employee_Record -->
      <class name="com.employeeapi.testCases.TC002_Get_Single_Employee_Record">
        <test-method status="PASS" signature="setup()[pri:0, instance:com.employeeapi.testCases.TC002_Get_Single_Employee_Record@42d80b78]" name="setup" is-config="true" duration-ms="6" started-at="2019-05-14T10:18:48Z" finished-at="2019-05-14T10:18:48Z">
          <reporter-output>
          </reporter-output>
        </test-method> <!-- setup -->
        <test-method status="PASS" signature="getEmployeeData()[pri:0, instance:com.employeeapi.testCases.TC002_Get_Single_Employee_Record@42d80b78]" name="getEmployeeData" is-config="true" duration-ms="5736" started-at="2019-05-14T10:18:48Z" finished-at="2019-05-14T10:18:54Z">
          <reporter-output>
          </reporter-output>
        </test-method> <!-- getEmployeeData -->
        <test-method status="PASS" signature="checkContentLenght()[pri:0, instance:com.employeeapi.testCases.TC002_Get_Single_Employee_Record@42d80b78]" name="checkContentLenght" duration-ms="0" started-at="2019-05-14T10:18:54Z" finished-at="2019-05-14T10:18:54Z">
          <reporter-output>
          </reporter-output>
        </test-method> <!-- checkContentLenght -->
        <test-method status="PASS" signature="checkContentType()[pri:0, instance:com.employeeapi.testCases.TC002_Get_Single_Employee_Record@42d80b78]" name="checkContentType" duration-ms="1" started-at="2019-05-14T10:18:54Z" finished-at="2019-05-14T10:18:54Z">
          <reporter-output>
          </reporter-output>
        </test-method> <!-- checkContentType -->
        <test-method status="PASS" signature="checkResponseTime()[pri:0, instance:com.employeeapi.testCases.TC002_Get_Single_Employee_Record@42d80b78]" name="checkResponseTime" duration-ms="1" started-at="2019-05-14T10:18:54Z" finished-at="2019-05-14T10:18:54Z">
          <reporter-output>
          </reporter-output>
        </test-method> <!-- checkResponseTime -->
        <test-method status="PASS" signature="checkResposeBody()[pri:0, instance:com.employeeapi.testCases.TC002_Get_Single_Employee_Record@42d80b78]" name="checkResposeBody" duration-ms="2" started-at="2019-05-14T10:18:54Z" finished-at="2019-05-14T10:18:54Z">
          <reporter-output>
          </reporter-output>
        </test-method> <!-- checkResposeBody -->
        <test-method status="PASS" signature="checkStatusCode()[pri:0, instance:com.employeeapi.testCases.TC002_Get_Single_Employee_Record@42d80b78]" name="checkStatusCode" duration-ms="1" started-at="2019-05-14T10:18:54Z" finished-at="2019-05-14T10:18:54Z">
          <reporter-output>
          </reporter-output>
        </test-method> <!-- checkStatusCode -->
        <test-method status="PASS" signature="checkserverType()[pri:0, instance:com.employeeapi.testCases.TC002_Get_Single_Employee_Record@42d80b78]" name="checkserverType" duration-ms="2" started-at="2019-05-14T10:18:54Z" finished-at="2019-05-14T10:18:54Z">
          <reporter-output>
          </reporter-output>
        </test-method> <!-- checkserverType -->
        <test-method status="PASS" signature="checkstatusLine()[pri:0, instance:com.employeeapi.testCases.TC002_Get_Single_Employee_Record@42d80b78]" name="checkstatusLine" duration-ms="2" started-at="2019-05-14T10:18:54Z" finished-at="2019-05-14T10:18:54Z">
          <reporter-output>
          </reporter-output>
        </test-method> <!-- checkstatusLine -->
        <test-method status="PASS" signature="tearDown()[pri:0, instance:com.employeeapi.testCases.TC002_Get_Single_Employee_Record@42d80b78]" name="tearDown" is-config="true" duration-ms="0" started-at="2019-05-14T10:18:54Z" finished-at="2019-05-14T10:18:54Z">
          <reporter-output>
          </reporter-output>
        </test-method> <!-- tearDown -->
      </class> <!-- com.employeeapi.testCases.TC002_Get_Single_Employee_Record -->
    </test> <!-- EmployeesRestAPITest -->
  </suite> <!-- EmployeesRestAPISuite -->
</testng-results>
