<?xml version="1.0" encoding="UTF-8"?>
<testng-results ignored="5" total="6" passed="1" failed="0" skipped="0">
  <reporter-output>
  </reporter-output>
  <suite started-at="2021-04-23T09:06:43Z" name="Default suite" finished-at="2021-04-23T09:06:51Z" duration-ms="8185">
    <groups>
    </groups>
    <test started-at="2021-04-23T09:06:43Z" name="Default test" finished-at="2021-04-23T09:06:51Z" duration-ms="8185">
      <class name="com.employeeapi.testCases.TC003_Post_Employee_Record">
        <test-method is-config="true" signature="setup()[pri:0, instance:com.employeeapi.testCases.TC003_Post_Employee_Record@934b6cb]" started-at="2021-04-23T09:06:43Z" name="setup" finished-at="2021-04-23T09:06:43Z" duration-ms="212" status="PASS">
          <reporter-output>
          </reporter-output>
        </test-method> <!-- setup -->
        <test-method is-config="true" signature="createEmployee()[pri:0, instance:com.employeeapi.testCases.TC003_Post_Employee_Record@934b6cb]" started-at="2021-04-23T09:06:43Z" name="createEmployee" finished-at="2021-04-23T09:06:51Z" duration-ms="7885" status="PASS">
          <reporter-output>
          </reporter-output>
        </test-method> <!-- createEmployee -->
        <test-method signature="checkResposeBody()[pri:0, instance:com.employeeapi.testCases.TC003_Post_Employee_Record@934b6cb]" started-at="2021-04-23T09:06:51Z" name="checkResposeBody" finished-at="2021-04-23T09:06:51Z" duration-ms="41" status="PASS">
          <reporter-output>
          </reporter-output>
        </test-method> <!-- checkResposeBody -->
        <test-method is-config="true" signature="tearDown()[pri:0, instance:com.employeeapi.testCases.TC003_Post_Employee_Record@934b6cb]" started-at="2021-04-23T09:06:51Z" name="tearDown" finished-at="2021-04-23T09:06:51Z" duration-ms="1" status="PASS">
          <reporter-output>
          </reporter-output>
        </test-method> <!-- tearDown -->
      </class> <!-- com.employeeapi.testCases.TC003_Post_Employee_Record -->
    </test> <!-- Default test -->
  </suite> <!-- Default suite -->
</testng-results>
